<?xml version="1.0" encoding="UTF-8"?>
<beans xmlns="http://www.springframework.org/schema/beans"
       xmlns:xsi="http://www.w3.org/2001/XMLSchema-instance"
       xmlns:util="http://www.springframework.org/schema/util"
       xsi:schemaLocation="http://www.springframework.org/schema/beans http://www.springframework.org/schema/beans/spring-beans-2.5.xsd
                           http://www.springframework.org/schema/util http://www.springframework.org/schema/util/spring-util-2.5.xsd">
        
        
	<bean id="repoman" class="org.hydroid.beowulf.BeowulfRepositoryManager">
		<constructor-arg index="0" ref="pageDaemon"/>
		<constructor-arg index="1" ref="repo"/>
		<constructor-arg index="2" ref="page0"/>
		<constructor-arg index="3" ref="reader"/>
		<constructor-arg index="4" ref="forge"/>
		<constructor-arg index="5" ref="spaceManager"/>
	    <constructor-arg index="6" ref="chain"/>
	    <constructor-arg index="7" ref="locatorFactory"/>
	</bean>
	
	<bean id="reader" class="org.hydroid.beowulf.overlay.OverlayFactory">
		<constructor-arg index="0" value="false"/>
		<constructor-arg index="1" ref="locatorFactory"/>
	</bean>	
	
	<bean id="forge" class="org.hydroid.beowulf.overlay.OverlayFactory">
		<constructor-arg index="0" value="true"/>
		<constructor-arg index="1" ref="locatorFactory"/>		
	</bean>	
	
	<bean id="apiContext" class="org.hydroid.beowulf.storage.general.ApiContext" scope="prototype">	
		<constructor-arg index="0" ref="chain"/>
		<constructor-arg index="1" ref="locatorFactory"/>
	</bean>	

	<bean id="locatorFactory" class="org.hydroid.beowulf.storage.Block56Slot4Subslot4"/>	
		                          	
</beans>                           