<?xml version="1.0" encoding="UTF-8"?>
<beans xmlns="http://www.springframework.org/schema/beans"
       xmlns:xsi="http://www.w3.org/2001/XMLSchema-instance"
       xmlns:util="http://www.springframework.org/schema/util"
       xsi:schemaLocation="http://www.springframework.org/schema/beans http://www.springframework.org/schema/beans/spring-beans-2.5.xsd
                           http://www.springframework.org/schema/util http://www.springframework.org/schema/util/spring-util-2.5.xsd">
                           
	<bean id="searchPath" class="org.hydroid.file.DirectoryList">
		<constructor-arg>
		    <util:list value-type="java.lang.String">
		    	<value>${defaultRepositoryLocation}</value>
		    </util:list>
	    </constructor-arg>
	</bean>
	
	<bean id="configuration" class="org.springframework.beans.factory.config.PropertyPlaceholderConfigurer">
        <property name="properties">
      		<value>
         	defaultRepositoryLocation=/Users/smiley/ews/github/robotron/persistence-beowulf/rt/repo
         	cacheSize=50
         	defaultBlockSize=1024
         	defaultSlotSize=128
         	defaultRepositoryName=singly
         	defaultSuffix=.store
         	minimumBlockIncrement=1
      		</value>
    	</property>   
    </bean>

	
	<bean id="pageDaemon" class="org.hydroid.page.PageDaemonImpl">
		<constructor-arg index="0" ref="evictionAlgorithm"/>
		<constructor-arg index="1" value="${cacheSize}"/>	
	</bean>
	
	<bean id="evictionAlgorithm" class="org.hydroid.page.LruAlgorithm">
		<constructor-arg index="0" value="${cacheSize}"/>
	</bean>
	
	<!-- see unit test called SinglyLinkedListTest -->
	<bean id="singly2" class="org.hydroid.file.RepositoryFile">
		<constructor-arg index="0" ref="searchPath"/>
		<constructor-arg index="1" value="singly2"/>
		<constructor-arg index="2" value="${defaultSuffix}"/>
		<constructor-arg index="3" value="rw"/>
	</bean>
	
	<bean id="repo" class="org.hydroid.file.RepositoryFile">
		<constructor-arg index="0" ref="searchPath"/>
		<constructor-arg index="1" value="${defaultRepositoryName}"/>
		<constructor-arg index="2" value="${defaultSuffix}"/>
		<constructor-arg index="3" value="rw"/>
	</bean>  
	
	<bean id="repoReadOnly" class="org.hydroid.file.RepositoryFile">
		<constructor-arg index="0" ref="searchPath"/>
		<constructor-arg index="1" value="${defaultRepositoryName}"/>
		<constructor-arg index="2" value="${defaultSuffix}"/>
		<constructor-arg index="3" value="r"/>
	</bean> 	
	
	<bean id="page0" class="org.hydroid.page.PageIdentifier">
		<constructor-arg index="0" ref="repo"/>
		<constructor-arg index="1" value="0"/>
		<constructor-arg index="2" value="${defaultBlockSize}"/>
	</bean>	
	

	
	<bean id="page0-readOnly" class="org.hydroid.page.PageIdentifier">
		<constructor-arg index="0" ref="repoReadOnly"/>
		<constructor-arg index="1" value="0"/>
		<constructor-arg index="2" value="${defaultBlockSize}"/>
	</bean>	
	
	<bean id="slotFinder" class="org.hydroid.beowulf.storage.general.SlotFinderImpl">
		<constructor-arg index="0" ref="repoman"/>
	</bean>
	
	
	
</beans>	                           